DEPRECATION WARNING: ActiveSupport.halt_callback_chains_on_return_false= is deprecated and will be removed in Rails 5.2. (called from <top (required)> at /home/ducthien/project/test/rails_redux_react/catbook-api/config/initializers/callback_terminator.rb:6)
  [1m[35m (189.3ms)[0m  [1m[35mCREATE TABLE "schema_migrations" ("version" character varying NOT NULL PRIMARY KEY)[0m
  [1m[35m (81.9ms)[0m  [1m[35mCREATE TABLE "ar_internal_metadata" ("key" character varying NOT NULL PRIMARY KEY, "value" character varying, "created_at" timestamp NOT NULL, "updated_at" timestamp NOT NULL)[0m
  [1m[35m (0.2ms)[0m  [1m[34mSELECT pg_try_advisory_lock(6177806423704247535);[0m
  [1m[35m (0.3ms)[0m  [1m[34mSELECT "schema_migrations"."version" FROM "schema_migrations" ORDER BY "schema_migrations"."version" ASC[0m
Migrating to CreateCats (20160614212044)
  [1m[35m (0.1ms)[0m  [1m[35mBEGIN[0m
  [1m[35m (102.4ms)[0m  [1m[35mCREATE TABLE "cats" ("id" serial NOT NULL PRIMARY KEY, "name" character varying, "breed" character varying, "weight" character varying, "temperament" character varying, "created_at" timestamp NOT NULL, "updated_at" timestamp NOT NULL)[0m
  [1m[35mSQL (0.3ms)[0m  [1m[32mINSERT INTO "schema_migrations" ("version") VALUES ($1) RETURNING "version"[0m  [["version", "20160614212044"]]
  [1m[35m (15.9ms)[0m  [1m[35mCOMMIT[0m
Migrating to CreateHobbies (20160614212209)
  [1m[35m (0.2ms)[0m  [1m[35mBEGIN[0m
  [1m[35m (71.2ms)[0m  [1m[35mCREATE TABLE "hobbies" ("id" serial NOT NULL PRIMARY KEY, "name" character varying, "created_at" timestamp NOT NULL, "updated_at" timestamp NOT NULL)[0m
  [1m[35mSQL (0.2ms)[0m  [1m[32mINSERT INTO "schema_migrations" ("version") VALUES ($1) RETURNING "version"[0m  [["version", "20160614212209"]]
  [1m[35m (18.7ms)[0m  [1m[35mCOMMIT[0m
Migrating to CreateCatHobbies (20160614212350)
  [1m[35m (0.2ms)[0m  [1m[35mBEGIN[0m
  [1m[35m (46.4ms)[0m  [1m[35mCREATE TABLE "cat_hobbies" ("id" serial NOT NULL PRIMARY KEY, "cat_id" integer, "hobby_id" integer, "created_at" timestamp NOT NULL, "updated_at" timestamp NOT NULL)[0m
  [1m[35m (31.9ms)[0m  [1m[35mCREATE  INDEX  "index_cat_hobbies_on_cat_id" ON "cat_hobbies"  ("cat_id")[0m
  [1m[35m (32.7ms)[0m  [1m[35mCREATE  INDEX  "index_cat_hobbies_on_hobby_id" ON "cat_hobbies"  ("hobby_id")[0m
  [1m[35mSQL (0.2ms)[0m  [1m[32mINSERT INTO "schema_migrations" ("version") VALUES ($1) RETURNING "version"[0m  [["version", "20160614212350"]]
  [1m[35m (17.6ms)[0m  [1m[35mCOMMIT[0m
  [1m[36mActiveRecord::InternalMetadata Load (0.2ms)[0m  [1m[34mSELECT  "ar_internal_metadata".* FROM "ar_internal_metadata" WHERE "ar_internal_metadata"."key" = $1 LIMIT $2[0m  [["key", "environment"], ["LIMIT", 1]]
  [1m[35m (0.1ms)[0m  [1m[35mBEGIN[0m
  [1m[35mSQL (0.3ms)[0m  [1m[32mINSERT INTO "ar_internal_metadata" ("key", "value", "created_at", "updated_at") VALUES ($1, $2, $3, $4) RETURNING "key"[0m  [["key", "environment"], ["value", "development"], ["created_at", "2017-03-29 08:16:09.192672"], ["updated_at", "2017-03-29 08:16:09.192672"]]
  [1m[35m (2.1ms)[0m  [1m[35mCOMMIT[0m
  [1m[35m (0.2ms)[0m  [1m[34mSELECT pg_advisory_unlock(6177806423704247535)[0m
  [1m[35m (0.2ms)[0m  [1m[34mSELECT "schema_migrations"."version" FROM "schema_migrations" ORDER BY "schema_migrations"."version" ASC[0m
DEPRECATION WARNING: ActiveSupport.halt_callback_chains_on_return_false= is deprecated and will be removed in Rails 5.2. (called from <top (required)> at /home/ducthien/project/test/rails_redux_react/catbook-api/config/initializers/callback_terminator.rb:6)
Started GET "/" for 127.0.0.1 at 2017-03-29 15:16:20 +0700
  [1m[35m (0.4ms)[0m  [1m[34mSELECT "schema_migrations"."version" FROM "schema_migrations" ORDER BY "schema_migrations"."version" ASC[0m
Processing by Rails::WelcomeController#index as HTML
  Rendering /home/ducthien/.rvm/gems/ruby-2.4.1/gems/railties-5.1.0.rc1/lib/rails/templates/rails/welcome/index.html.erb
  Rendered /home/ducthien/.rvm/gems/ruby-2.4.1/gems/railties-5.1.0.rc1/lib/rails/templates/rails/welcome/index.html.erb (7.2ms)
Completed 200 OK in 39ms (Views: 14.4ms | ActiveRecord: 0.0ms)


